2019-05-21 16:14:48.588  INFO 15920 --- [restartedMain] c.h.t.c.ConfigServiceApplication         : The following profiles are active: native
2019-05-21 16:14:48.608  INFO 15920 --- [restartedMain] ConfigServletWebServerApplicationContext : Refreshing org.springframework.boot.web.servlet.context.AnnotationConfigServletWebServerApplicationContext@79ed90cd: startup date [Tue May 21 16:14:48 GFT 2019]; parent: org.springframework.context.annotation.AnnotationConfigApplicationContext@3dce9f14
2019-05-21 16:14:50.864  INFO 15920 --- [restartedMain] o.s.cloud.context.scope.GenericScope     : BeanFactory id=42fed59f-c647-3c7f-9125-c06aed585e31
2019-05-21 16:14:50.880  INFO 15920 --- [restartedMain] f.a.AutowiredAnnotationBeanPostProcessor : JSR-330 'javax.inject.Inject' annotation found and supported for autowiring
2019-05-21 16:14:51.090  INFO 15920 --- [restartedMain] trationDelegate$BeanPostProcessorChecker : Bean 'org.springframework.cloud.autoconfigure.ConfigurationPropertiesRebinderAutoConfiguration' of type [org.springframework.cloud.autoconfigure.ConfigurationPropertiesRebinderAutoConfiguration$$EnhancerBySpringCGLIB$$3771a03b] is not eligible for getting processed by all BeanPostProcessors (for example: not eligible for auto-proxying)
2019-05-21 16:14:51.992  INFO 15920 --- [restartedMain] o.s.b.w.embedded.tomcat.TomcatWebServer  : Tomcat initialized with port(s): 8888 (http)
2019-05-21 16:14:52.030  INFO 15920 --- [restartedMain] o.apache.catalina.core.StandardService   : Starting service [Tomcat]
2019-05-21 16:14:52.030  INFO 15920 --- [restartedMain] org.apache.catalina.core.StandardEngine  : Starting Servlet Engine: Apache Tomcat/8.5.32
2019-05-21 16:14:52.037  INFO 15920 --- [localhost-startStop-1] o.a.catalina.core.AprLifecycleListener   : The APR based Apache Tomcat Native library which allows optimal performance in production environments was not found on the java.library.path: [C:\Program Files\Java\jdk1.8.0_191\bin;C:\windows\Sun\Java\bin;C:\windows\system32;C:\windows;C:\ProgramData\DockerDesktop\version-bin;C:\Program Files\Docker\Docker\Resources\bin;C:\Program Files (x86)\Embarcadero\Studio\20.0\bin;C:\Users\Public\Documents\Embarcadero\Studio\20.0\Bpl;C:\Program Files (x86)\Embarcadero\Studio\20.0\bin64;C:\Users\Public\Documents\Embarcadero\Studio\20.0\Bpl\Win64;C:\Program Files (x86)\Common Files\Oracle\Java\javapath;C:\Program Files (x86)\Intel\Intel(R) Management Engine Components\iCLS\;C:\Program Files\Intel\Intel(R) Management Engine Components\iCLS\;C:\windows\system32;C:\windows;C:\windows\System32\Wbem;C:\windows\System32\WindowsPowerShell\v1.0\;C:\windows\System32\OpenSSH\;C:\Program Files (x86)\Intel\Intel(R) Management Engine Components\DAL;C:\Program Files\Intel\Intel(R) Management Engine Components\DAL;C:\Program Files (x86)\Intel\Intel(R) Management Engine Components\IPT;C:\Program Files\Intel\Intel(R) Management Engine Components\IPT;C:\Program Files\Intel\WiFi\bin\;C:\Program Files\Common Files\Intel\WirelessCommon\;C:\Program Files\Git\cmd;C:\Program Files\Microsoft SQL Server\130\Tools\Binn\;C:\Program Files\dotnet\;C:\Program Files (x86)\GtkSharp\2.12\bin;C:\windows\system32\config\systemprofile\.dnx\bin;C:\Program Files\Microsoft DNX\Dnvm\;C:\Program Files (x86)\Microsoft SQL Server\Client SDK\ODBC\130\Tools\Binn\;C:\Program Files (x86)\Microsoft SQL Server\140\Tools\Binn\;C:\Program Files (x86)\Microsoft SQL Server\140\DTS\Binn\;C:\Program Files (x86)\Microsoft SQL Server\140\Tools\Binn\ManagementStudio\;C:\Program Files\Java\jdk1.8.0_191\bin;C:\Users\c.gomes.da.silva\AppData\Local\Programs\Python\Python36-32\Scripts\;C:\Users\c.gomes.da.silva\AppData\Local\Programs\Python\Python36-32\;C:\Users\c.gomes.da.silva\AppData\Local\Programs\Python\Python37-32\Scripts\;C:\Users\c.gomes.da.silva\AppData\Local\Programs\Python\Python37-32\;C:\Users\c.gomes.da.silva\AppData\Local\Microsoft\WindowsApps;C:\Users\c.gomes.da.silva\AppData\Local\Programs\Microsoft VS Code\bin;C:\Users\c.gomes.da.silva\AppData\Local\GitHubDesktop\bin;.]
2019-05-21 16:14:52.238  INFO 15920 --- [localhost-startStop-1] o.a.c.c.C.[Tomcat].[localhost].[/]       : Initializing Spring embedded WebApplicationContext
2019-05-21 16:14:52.239  INFO 15920 --- [localhost-startStop-1] o.s.web.context.ContextLoader            : Root WebApplicationContext: initialization completed in 3631 ms
2019-05-21 16:14:52.772  WARN 15920 --- [localhost-startStop-1] c.n.c.sources.URLConfigurationSource     : No URLs will be polled as dynamic configuration sources.
2019-05-21 16:14:52.773  INFO 15920 --- [localhost-startStop-1] c.n.c.sources.URLConfigurationSource     : To enable URLs as dynamic configuration sources, define System property archaius.configurationSource.additionalUrls or make config.properties available on classpath.
2019-05-21 16:14:52.799  INFO 15920 --- [localhost-startStop-1] c.netflix.config.DynamicPropertyFactory  : DynamicPropertyFactory is initialized with configuration sources: com.netflix.config.ConcurrentCompositeConfiguration@1ec814e
2019-05-21 16:14:54.601  INFO 15920 --- [localhost-startStop-1] o.s.cloud.commons.util.InetUtils         : Cannot determine local hostname
2019-05-21 16:14:56.156  INFO 15920 --- [localhost-startStop-1] o.s.cloud.commons.util.InetUtils         : Cannot determine local hostname
2019-05-21 16:14:56.887  INFO 15920 --- [localhost-startStop-1] o.s.b.w.servlet.FilterRegistrationBean   : Mapping filter: 'characterEncodingFilter' to: [/*]
2019-05-21 16:14:56.888  INFO 15920 --- [localhost-startStop-1] o.s.b.w.servlet.FilterRegistrationBean   : Mapping filter: 'webMvcMetricsFilter' to: [/*]
2019-05-21 16:14:56.889  INFO 15920 --- [localhost-startStop-1] o.s.b.w.servlet.FilterRegistrationBean   : Mapping filter: 'hiddenHttpMethodFilter' to: [/*]
2019-05-21 16:14:56.889  INFO 15920 --- [localhost-startStop-1] o.s.b.w.servlet.FilterRegistrationBean   : Mapping filter: 'httpPutFormContentFilter' to: [/*]
2019-05-21 16:14:56.890  INFO 15920 --- [localhost-startStop-1] o.s.b.w.servlet.FilterRegistrationBean   : Mapping filter: 'requestContextFilter' to: [/*]
2019-05-21 16:14:56.890  INFO 15920 --- [localhost-startStop-1] o.s.b.w.servlet.FilterRegistrationBean   : Mapping filter: 'httpTraceFilter' to: [/*]
2019-05-21 16:14:56.891  INFO 15920 --- [localhost-startStop-1] o.s.b.w.servlet.ServletRegistrationBean  : Servlet dispatcherServlet mapped to [/]
2019-05-21 16:14:56.989  WARN 15920 --- [restartedMain] c.n.c.sources.URLConfigurationSource     : No URLs will be polled as dynamic configuration sources.
2019-05-21 16:14:56.989  INFO 15920 --- [restartedMain] c.n.c.sources.URLConfigurationSource     : To enable URLs as dynamic configuration sources, define System property archaius.configurationSource.additionalUrls or make config.properties available on classpath.
2019-05-21 16:14:57.112  INFO 15920 --- [restartedMain] o.s.w.s.handler.SimpleUrlHandlerMapping  : Mapped URL path [/**/favicon.ico] onto handler of type [class org.springframework.web.servlet.resource.ResourceHttpRequestHandler]
2019-05-21 16:14:57.511  INFO 15920 --- [restartedMain] s.w.s.m.m.a.RequestMappingHandlerAdapter : Looking for @ControllerAdvice: org.springframework.boot.web.servlet.context.AnnotationConfigServletWebServerApplicationContext@79ed90cd: startup date [Tue May 21 16:14:48 GFT 2019]; parent: org.springframework.context.annotation.AnnotationConfigApplicationContext@3dce9f14
2019-05-21 16:14:57.630  INFO 15920 --- [restartedMain] s.w.s.m.m.a.RequestMappingHandlerMapping : Mapped "{[/error]}" onto public org.springframework.http.ResponseEntity<java.util.Map<java.lang.String, java.lang.Object>> org.springframework.boot.autoconfigure.web.servlet.error.BasicErrorController.error(javax.servlet.http.HttpServletRequest)
2019-05-21 16:14:57.632  INFO 15920 --- [restartedMain] s.w.s.m.m.a.RequestMappingHandlerMapping : Mapped "{[/error],produces=[text/html]}" onto public org.springframework.web.servlet.ModelAndView org.springframework.boot.autoconfigure.web.servlet.error.BasicErrorController.errorHtml(javax.servlet.http.HttpServletRequest,javax.servlet.http.HttpServletResponse)
2019-05-21 16:14:57.647  INFO 15920 --- [restartedMain] s.w.s.m.m.a.RequestMappingHandlerMapping : Mapped "{[/encrypt],methods=[POST]}" onto public java.lang.String org.springframework.cloud.config.server.encryption.EncryptionController.encrypt(java.lang.String,org.springframework.http.MediaType)
2019-05-21 16:14:57.648  INFO 15920 --- [restartedMain] s.w.s.m.m.a.RequestMappingHandlerMapping : Mapped "{[/encrypt/{name}/{profiles}],methods=[POST]}" onto public java.lang.String org.springframework.cloud.config.server.encryption.EncryptionController.encrypt(java.lang.String,java.lang.String,java.lang.String,org.springframework.http.MediaType)
2019-05-21 16:14:57.648  INFO 15920 --- [restartedMain] s.w.s.m.m.a.RequestMappingHandlerMapping : Mapped "{[/decrypt/{name}/{profiles}],methods=[POST]}" onto public java.lang.String org.springframework.cloud.config.server.encryption.EncryptionController.decrypt(java.lang.String,java.lang.String,java.lang.String,org.springframework.http.MediaType)
2019-05-21 16:14:57.649  INFO 15920 --- [restartedMain] s.w.s.m.m.a.RequestMappingHandlerMapping : Mapped "{[/decrypt],methods=[POST]}" onto public java.lang.String org.springframework.cloud.config.server.encryption.EncryptionController.decrypt(java.lang.String,org.springframework.http.MediaType)
2019-05-21 16:14:57.650  INFO 15920 --- [restartedMain] s.w.s.m.m.a.RequestMappingHandlerMapping : Mapped "{[/encrypt/status],methods=[GET]}" onto public java.util.Map<java.lang.String, java.lang.Object> org.springframework.cloud.config.server.encryption.EncryptionController.status()
2019-05-21 16:14:57.650  INFO 15920 --- [restartedMain] s.w.s.m.m.a.RequestMappingHandlerMapping : Mapped "{[/key],methods=[GET]}" onto public java.lang.String org.springframework.cloud.config.server.encryption.EncryptionController.getPublicKey()
2019-05-21 16:14:57.651  INFO 15920 --- [restartedMain] s.w.s.m.m.a.RequestMappingHandlerMapping : Mapped "{[/key/{name}/{profiles}],methods=[GET]}" onto public java.lang.String org.springframework.cloud.config.server.encryption.EncryptionController.getPublicKey(java.lang.String,java.lang.String)
2019-05-21 16:14:57.659  INFO 15920 --- [restartedMain] s.w.s.m.m.a.RequestMappingHandlerMapping : Mapped "{[/{name}-{profiles}.properties],methods=[GET]}" onto public org.springframework.http.ResponseEntity<java.lang.String> org.springframework.cloud.config.server.environment.EnvironmentController.properties(java.lang.String,java.lang.String,boolean) throws java.io.IOException
2019-05-21 16:14:57.659  INFO 15920 --- [restartedMain] s.w.s.m.m.a.RequestMappingHandlerMapping : Mapped "{[/{name}/{profiles:.*[^-].*}],methods=[GET]}" onto public org.springframework.cloud.config.environment.Environment org.springframework.cloud.config.server.environment.EnvironmentController.defaultLabel(java.lang.String,java.lang.String)
2019-05-21 16:14:57.659  INFO 15920 --- [restartedMain] s.w.s.m.m.a.RequestMappingHandlerMapping : Mapped "{[/{name}-{profiles}.yml || /{name}-{profiles}.yaml],methods=[GET]}" onto public org.springframework.http.ResponseEntity<java.lang.String> org.springframework.cloud.config.server.environment.EnvironmentController.yaml(java.lang.String,java.lang.String,boolean) throws java.lang.Exception
2019-05-21 16:14:57.660  INFO 15920 --- [restartedMain] s.w.s.m.m.a.RequestMappingHandlerMapping : Mapped "{[/{label}/{name}-{profiles}.json],methods=[GET]}" onto public org.springframework.http.ResponseEntity<java.lang.String> org.springframework.cloud.config.server.environment.EnvironmentController.labelledJsonProperties(java.lang.String,java.lang.String,java.lang.String,boolean) throws java.lang.Exception
2019-05-21 16:14:57.661  INFO 15920 --- [restartedMain] s.w.s.m.m.a.RequestMappingHandlerMapping : Mapped "{[/{label}/{name}-{profiles}.properties],methods=[GET]}" onto public org.springframework.http.ResponseEntity<java.lang.String> org.springframework.cloud.config.server.environment.EnvironmentController.labelledProperties(java.lang.String,java.lang.String,java.lang.String,boolean) throws java.io.IOException
2019-05-21 16:14:57.661  INFO 15920 --- [restartedMain] s.w.s.m.m.a.RequestMappingHandlerMapping : Mapped "{[/{name}/{profiles}/{label:.*}],methods=[GET]}" onto public org.springframework.cloud.config.environment.Environment org.springframework.cloud.config.server.environment.EnvironmentController.labelled(java.lang.String,java.lang.String,java.lang.String)
2019-05-21 16:14:57.662  INFO 15920 --- [restartedMain] s.w.s.m.m.a.RequestMappingHandlerMapping : Mapped "{[/{label}/{name}-{profiles}.yml || /{label}/{name}-{profiles}.yaml],methods=[GET]}" onto public org.springframework.http.ResponseEntity<java.lang.String> org.springframework.cloud.config.server.environment.EnvironmentController.labelledYaml(java.lang.String,java.lang.String,java.lang.String,boolean) throws java.lang.Exception
2019-05-21 16:14:57.662  INFO 15920 --- [restartedMain] s.w.s.m.m.a.RequestMappingHandlerMapping : Mapped "{[/{name}-{profiles}.json],methods=[GET]}" onto public org.springframework.http.ResponseEntity<java.lang.String> org.springframework.cloud.config.server.environment.EnvironmentController.jsonProperties(java.lang.String,java.lang.String,boolean) throws java.lang.Exception
2019-05-21 16:14:57.666  INFO 15920 --- [restartedMain] s.w.s.m.m.a.RequestMappingHandlerMapping : Mapped "{[/{name}/{profile}/{label}/**],methods=[GET],produces=[application/octet-stream]}" onto public synchronized byte[] org.springframework.cloud.config.server.resource.ResourceController.binary(java.lang.String,java.lang.String,java.lang.String,javax.servlet.http.HttpServletRequest) throws java.io.IOException
2019-05-21 16:14:57.667  INFO 15920 --- [restartedMain] s.w.s.m.m.a.RequestMappingHandlerMapping : Mapped "{[/{name}/{profile}/{label}/**],methods=[GET]}" onto public java.lang.String org.springframework.cloud.config.server.resource.ResourceController.retrieve(java.lang.String,java.lang.String,java.lang.String,javax.servlet.http.HttpServletRequest,boolean) throws java.io.IOException
2019-05-21 16:14:57.667  INFO 15920 --- [restartedMain] s.w.s.m.m.a.RequestMappingHandlerMapping : Mapped "{[/{name}/{profile}/**],methods=[GET],params=[useDefaultLabel]}" onto public java.lang.String org.springframework.cloud.config.server.resource.ResourceController.retrieve(java.lang.String,java.lang.String,javax.servlet.http.HttpServletRequest,boolean) throws java.io.IOException
2019-05-21 16:14:57.697  INFO 15920 --- [restartedMain] o.s.w.s.handler.SimpleUrlHandlerMapping  : Mapped URL path [/webjars/**] onto handler of type [class org.springframework.web.servlet.resource.ResourceHttpRequestHandler]
2019-05-21 16:14:57.698  INFO 15920 --- [restartedMain] o.s.w.s.handler.SimpleUrlHandlerMapping  : Mapped URL path [/**] onto handler of type [class org.springframework.web.servlet.resource.ResourceHttpRequestHandler]
2019-05-21 16:14:58.495  WARN 15920 --- [restartedMain] o.s.b.d.a.OptionalLiveReloadServer       : Unable to start LiveReload server
2019-05-21 16:14:59.267  INFO 15920 --- [restartedMain] o.s.b.a.e.web.EndpointLinksResolver      : Exposing 2 endpoint(s) beneath base path '/actuator'
2019-05-21 16:14:59.289  INFO 15920 --- [restartedMain] s.b.a.e.w.s.WebMvcEndpointHandlerMapping : Mapped "{[/actuator/health],methods=[GET],produces=[application/vnd.spring-boot.actuator.v2+json || application/json]}" onto public java.lang.Object org.springframework.boot.actuate.endpoint.web.servlet.AbstractWebMvcEndpointHandlerMapping$OperationHandler.handle(javax.servlet.http.HttpServletRequest,java.util.Map<java.lang.String, java.lang.String>)
2019-05-21 16:14:59.290  INFO 15920 --- [restartedMain] s.b.a.e.w.s.WebMvcEndpointHandlerMapping : Mapped "{[/actuator/info],methods=[GET],produces=[application/vnd.spring-boot.actuator.v2+json || application/json]}" onto public java.lang.Object org.springframework.boot.actuate.endpoint.web.servlet.AbstractWebMvcEndpointHandlerMapping$OperationHandler.handle(javax.servlet.http.HttpServletRequest,java.util.Map<java.lang.String, java.lang.String>)
2019-05-21 16:14:59.292  INFO 15920 --- [restartedMain] s.b.a.e.w.s.WebMvcEndpointHandlerMapping : Mapped "{[/actuator],methods=[GET],produces=[application/vnd.spring-boot.actuator.v2+json || application/json]}" onto protected java.util.Map<java.lang.String, java.util.Map<java.lang.String, org.springframework.boot.actuate.endpoint.web.Link>> org.springframework.boot.actuate.endpoint.web.servlet.WebMvcEndpointHandlerMapping.links(javax.servlet.http.HttpServletRequest,javax.servlet.http.HttpServletResponse)
2019-05-21 16:14:59.414  INFO 15920 --- [restartedMain] o.s.j.e.a.AnnotationMBeanExporter        : Registering beans for JMX exposure on startup
2019-05-21 16:14:59.439  INFO 15920 --- [restartedMain] o.s.j.e.a.AnnotationMBeanExporter        : Bean with name 'environmentManager' has been autodetected for JMX exposure
2019-05-21 16:14:59.443  INFO 15920 --- [restartedMain] o.s.j.e.a.AnnotationMBeanExporter        : Bean with name 'configurationPropertiesRebinder' has been autodetected for JMX exposure
2019-05-21 16:14:59.445  INFO 15920 --- [restartedMain] o.s.j.e.a.AnnotationMBeanExporter        : Bean with name 'refreshScope' has been autodetected for JMX exposure
2019-05-21 16:14:59.454  INFO 15920 --- [restartedMain] o.s.j.e.a.AnnotationMBeanExporter        : Located managed bean 'environmentManager': registering with JMX server as MBean [org.springframework.cloud.context.environment:name=environmentManager,type=EnvironmentManager]
2019-05-21 16:14:59.478  INFO 15920 --- [restartedMain] o.s.j.e.a.AnnotationMBeanExporter        : Located managed bean 'refreshScope': registering with JMX server as MBean [org.springframework.cloud.context.scope.refresh:name=refreshScope,type=RefreshScope]
2019-05-21 16:14:59.505  INFO 15920 --- [restartedMain] o.s.j.e.a.AnnotationMBeanExporter        : Located managed bean 'configurationPropertiesRebinder': registering with JMX server as MBean [org.springframework.cloud.context.properties:name=configurationPropertiesRebinder,context=79ed90cd,type=ConfigurationPropertiesRebinder]
2019-05-21 16:14:59.556  INFO 15920 --- [restartedMain] o.s.c.support.DefaultLifecycleProcessor  : Starting beans in phase 0
2019-05-21 16:14:59.591  INFO 15920 --- [restartedMain] o.s.c.n.eureka.InstanceInfoFactory       : Setting initial instance status as: STARTING
2019-05-21 16:14:59.679  INFO 15920 --- [restartedMain] com.netflix.discovery.DiscoveryClient    : Initializing Eureka in region us-east-1
2019-05-21 16:15:00.379  INFO 15920 --- [restartedMain] c.n.d.provider.DiscoveryJerseyProvider   : Using JSON encoding codec LegacyJacksonJson
2019-05-21 16:15:00.379  INFO 15920 --- [restartedMain] c.n.d.provider.DiscoveryJerseyProvider   : Using JSON decoding codec LegacyJacksonJson
2019-05-21 16:15:00.717  INFO 15920 --- [restartedMain] c.n.d.provider.DiscoveryJerseyProvider   : Using XML encoding codec XStreamXml
2019-05-21 16:15:00.720  INFO 15920 --- [restartedMain] c.n.d.provider.DiscoveryJerseyProvider   : Using XML decoding codec XStreamXml
2019-05-21 16:15:01.139  INFO 15920 --- [restartedMain] c.n.d.s.r.aws.ConfigClusterResolver      : Resolving eureka endpoints via configuration
2019-05-21 16:15:01.515  INFO 15920 --- [restartedMain] com.netflix.discovery.DiscoveryClient    : Disable delta property : false
2019-05-21 16:15:01.515  INFO 15920 --- [restartedMain] com.netflix.discovery.DiscoveryClient    : Single vip registry refresh property : null
2019-05-21 16:15:01.515  INFO 15920 --- [restartedMain] com.netflix.discovery.DiscoveryClient    : Force full registry fetch : false
2019-05-21 16:15:01.516  INFO 15920 --- [restartedMain] com.netflix.discovery.DiscoveryClient    : Application is null : false
2019-05-21 16:15:01.516  INFO 15920 --- [restartedMain] com.netflix.discovery.DiscoveryClient    : Registered Applications size is zero : true
2019-05-21 16:15:01.516  INFO 15920 --- [restartedMain] com.netflix.discovery.DiscoveryClient    : Application version is -1: true
2019-05-21 16:15:01.517  INFO 15920 --- [restartedMain] com.netflix.discovery.DiscoveryClient    : Getting all instance registry info from the eureka server
2019-05-21 16:15:01.842  INFO 15920 --- [restartedMain] com.netflix.discovery.DiscoveryClient    : The response status is 200
2019-05-21 16:15:01.848  INFO 15920 --- [restartedMain] com.netflix.discovery.DiscoveryClient    : Starting heartbeat executor: renew interval is: 30
2019-05-21 16:15:01.852  INFO 15920 --- [restartedMain] c.n.discovery.InstanceInfoReplicator     : InstanceInfoReplicator onDemand update allowed rate per min is 4
2019-05-21 16:15:01.861  INFO 15920 --- [restartedMain] com.netflix.discovery.DiscoveryClient    : Discovery Client initialized at timestamp 1558466101858 with initial instances count: 2
2019-05-21 16:15:01.870  INFO 15920 --- [restartedMain] o.s.c.n.e.s.EurekaServiceRegistry        : Registering application config-service with eureka with status UP
2019-05-21 16:15:01.873  INFO 15920 --- [restartedMain] com.netflix.discovery.DiscoveryClient    : Saw local status change event StatusChangeEvent [timestamp=1558466101873, current=UP, previous=STARTING]
2019-05-21 16:15:01.876  INFO 15920 --- [DiscoveryClient-InstanceInfoReplicator-0] com.netflix.discovery.DiscoveryClient    : DiscoveryClient_CONFIG-SERVICE/localhost:config-service:8888: registering service...
2019-05-21 16:15:01.926  INFO 15920 --- [DiscoveryClient-InstanceInfoReplicator-0] com.netflix.discovery.DiscoveryClient    : DiscoveryClient_CONFIG-SERVICE/localhost:config-service:8888 - registration status: 204
2019-05-21 16:15:01.948  INFO 15920 --- [restartedMain] o.s.b.w.embedded.tomcat.TomcatWebServer  : Tomcat started on port(s): 8888 (http) with context path ''
2019-05-21 16:15:01.949  INFO 15920 --- [restartedMain] .s.c.n.e.s.EurekaAutoServiceRegistration : Updating port to 8888
2019-05-21 16:15:01.956  INFO 15920 --- [restartedMain] c.h.t.c.ConfigServiceApplication         : Started ConfigServiceApplication in 18.576 seconds (JVM running for 21.656)
2019-05-21 16:15:03.008  INFO 15920 --- [RMI TCP Connection(3)-10.0.75.1] o.a.c.c.C.[Tomcat].[localhost].[/]       : Initializing Spring FrameworkServlet 'dispatcherServlet'
2019-05-21 16:15:03.010  INFO 15920 --- [RMI TCP Connection(3)-10.0.75.1] o.s.web.servlet.DispatcherServlet        : FrameworkServlet 'dispatcherServlet': initialization started
2019-05-21 16:15:03.038  INFO 15920 --- [RMI TCP Connection(3)-10.0.75.1] o.s.web.servlet.DispatcherServlet        : FrameworkServlet 'dispatcherServlet': initialization completed in 28 ms
2019-05-21 16:15:04.577  INFO 15920 --- [RMI TCP Connection(2)-10.0.75.1] o.s.cloud.commons.util.InetUtils         : Cannot determine local hostname
2019-05-21 16:15:04.722  INFO 15920 --- [RMI TCP Connection(2)-10.0.75.1] s.c.a.AnnotationConfigApplicationContext : Refreshing org.springframework.context.annotation.AnnotationConfigApplicationContext@3a0cc699: startup date [Tue May 21 16:15:04 GFT 2019]; root of context hierarchy
2019-05-21 16:15:04.737  INFO 15920 --- [RMI TCP Connection(2)-10.0.75.1] f.a.AutowiredAnnotationBeanPostProcessor : JSR-330 'javax.inject.Inject' annotation found and supported for autowiring
2019-05-21 16:15:04.749  INFO 15920 --- [RMI TCP Connection(2)-10.0.75.1] s.c.a.AnnotationConfigApplicationContext : Closing org.springframework.context.annotation.AnnotationConfigApplicationContext@3a0cc699: startup date [Tue May 21 16:15:04 GFT 2019]; root of context hierarchy
2019-05-21 16:20:01.712  INFO 15920 --- [AsyncResolver-bootstrap-executor-0] c.n.d.s.r.aws.ConfigClusterResolver      : Resolving eureka endpoints via configuration
2019-05-21 16:25:01.769  INFO 15920 --- [AsyncResolver-bootstrap-executor-0] c.n.d.s.r.aws.ConfigClusterResolver      : Resolving eureka endpoints via configuration
2019-05-21 16:30:01.774  INFO 15920 --- [AsyncResolver-bootstrap-executor-0] c.n.d.s.r.aws.ConfigClusterResolver      : Resolving eureka endpoints via configuration
2019-05-21 16:35:01.777  INFO 15920 --- [AsyncResolver-bootstrap-executor-0] c.n.d.s.r.aws.ConfigClusterResolver      : Resolving eureka endpoints via configuration
2019-05-21 16:40:01.789  INFO 15920 --- [AsyncResolver-bootstrap-executor-0] c.n.d.s.r.aws.ConfigClusterResolver      : Resolving eureka endpoints via configuration
2019-05-21 16:45:01.795  INFO 15920 --- [AsyncResolver-bootstrap-executor-0] c.n.d.s.r.aws.ConfigClusterResolver      : Resolving eureka endpoints via configuration
2019-05-21 16:50:01.798  INFO 15920 --- [AsyncResolver-bootstrap-executor-0] c.n.d.s.r.aws.ConfigClusterResolver      : Resolving eureka endpoints via configuration
2019-05-21 16:55:01.804  INFO 15920 --- [AsyncResolver-bootstrap-executor-0] c.n.d.s.r.aws.ConfigClusterResolver      : Resolving eureka endpoints via configuration
2019-05-21 17:00:01.805  INFO 15920 --- [AsyncResolver-bootstrap-executor-0] c.n.d.s.r.aws.ConfigClusterResolver      : Resolving eureka endpoints via configuration
2019-05-21 17:05:01.823  INFO 15920 --- [AsyncResolver-bootstrap-executor-0] c.n.d.s.r.aws.ConfigClusterResolver      : Resolving eureka endpoints via configuration
2019-05-21 17:10:01.826  INFO 15920 --- [AsyncResolver-bootstrap-executor-0] c.n.d.s.r.aws.ConfigClusterResolver      : Resolving eureka endpoints via configuration
2019-05-21 17:15:01.832  INFO 15920 --- [AsyncResolver-bootstrap-executor-0] c.n.d.s.r.aws.ConfigClusterResolver      : Resolving eureka endpoints via configuration
2019-05-21 17:20:01.842  INFO 15920 --- [AsyncResolver-bootstrap-executor-0] c.n.d.s.r.aws.ConfigClusterResolver      : Resolving eureka endpoints via configuration
2019-05-21 17:25:01.846  INFO 15920 --- [AsyncResolver-bootstrap-executor-0] c.n.d.s.r.aws.ConfigClusterResolver      : Resolving eureka endpoints via configuration
2019-05-21 17:30:01.849  INFO 15920 --- [AsyncResolver-bootstrap-executor-0] c.n.d.s.r.aws.ConfigClusterResolver      : Resolving eureka endpoints via configuration
2019-05-21 17:35:01.852  INFO 15920 --- [AsyncResolver-bootstrap-executor-0] c.n.d.s.r.aws.ConfigClusterResolver      : Resolving eureka endpoints via configuration
2019-05-21 17:40:01.855  INFO 15920 --- [AsyncResolver-bootstrap-executor-0] c.n.d.s.r.aws.ConfigClusterResolver      : Resolving eureka endpoints via configuration
2019-05-21 17:45:01.858  INFO 15920 --- [AsyncResolver-bootstrap-executor-0] c.n.d.s.r.aws.ConfigClusterResolver      : Resolving eureka endpoints via configuration
2019-05-21 17:50:01.863  INFO 15920 --- [AsyncResolver-bootstrap-executor-0] c.n.d.s.r.aws.ConfigClusterResolver      : Resolving eureka endpoints via configuration
