2019-05-21 16:11:48.636  INFO 23884 --- [restartedMain] c.h.t.gateway.GatewayServiceApplication  : The following profiles are active: dev
2019-05-21 16:11:48.661  INFO 23884 --- [restartedMain] onfigReactiveWebServerApplicationContext : Refreshing org.springframework.boot.web.reactive.context.AnnotationConfigReactiveWebServerApplicationContext@4e50ab85: startup date [Tue May 21 16:11:48 GFT 2019]; parent: org.springframework.context.annotation.AnnotationConfigApplicationContext@7733fa7f
2019-05-21 16:11:49.960  INFO 23884 --- [restartedMain] o.s.cloud.context.scope.GenericScope     : BeanFactory id=b3f0caa6-4bfe-3923-ba59-801cf87005cd
2019-05-21 16:11:49.969  INFO 23884 --- [restartedMain] f.a.AutowiredAnnotationBeanPostProcessor : JSR-330 'javax.inject.Inject' annotation found and supported for autowiring
2019-05-21 16:11:50.070  INFO 23884 --- [restartedMain] trationDelegate$BeanPostProcessorChecker : Bean 'org.springframework.cloud.autoconfigure.ConfigurationPropertiesRebinderAutoConfiguration' of type [org.springframework.cloud.autoconfigure.ConfigurationPropertiesRebinderAutoConfiguration$$EnhancerBySpringCGLIB$$25e3a598] is not eligible for getting processed by all BeanPostProcessors (for example: not eligible for auto-proxying)
2019-05-21 16:11:50.507  INFO 23884 --- [restartedMain] o.s.w.r.handler.SimpleUrlHandlerMapping  : Mapped URL path [/webjars/**] onto handler of type [class org.springframework.web.reactive.resource.ResourceWebHandler]
2019-05-21 16:11:50.507  INFO 23884 --- [restartedMain] o.s.w.r.handler.SimpleUrlHandlerMapping  : Mapped URL path [/**] onto handler of type [class org.springframework.web.reactive.resource.ResourceWebHandler]
2019-05-21 16:11:53.294  INFO 23884 --- [restartedMain] o.s.cloud.commons.util.InetUtils         : Cannot determine local hostname
2019-05-21 16:11:54.699  INFO 23884 --- [restartedMain] o.s.cloud.commons.util.InetUtils         : Cannot determine local hostname
2019-05-21 16:11:54.744  INFO 23884 --- [restartedMain] o.s.c.g.r.RouteDefinitionRouteLocator    : Loaded RoutePredicateFactory [After]
2019-05-21 16:11:54.745  INFO 23884 --- [restartedMain] o.s.c.g.r.RouteDefinitionRouteLocator    : Loaded RoutePredicateFactory [Before]
2019-05-21 16:11:54.746  INFO 23884 --- [restartedMain] o.s.c.g.r.RouteDefinitionRouteLocator    : Loaded RoutePredicateFactory [Between]
2019-05-21 16:11:54.746  INFO 23884 --- [restartedMain] o.s.c.g.r.RouteDefinitionRouteLocator    : Loaded RoutePredicateFactory [Cookie]
2019-05-21 16:11:54.747  INFO 23884 --- [restartedMain] o.s.c.g.r.RouteDefinitionRouteLocator    : Loaded RoutePredicateFactory [Header]
2019-05-21 16:11:54.747  INFO 23884 --- [restartedMain] o.s.c.g.r.RouteDefinitionRouteLocator    : Loaded RoutePredicateFactory [Host]
2019-05-21 16:11:54.747  INFO 23884 --- [restartedMain] o.s.c.g.r.RouteDefinitionRouteLocator    : Loaded RoutePredicateFactory [Method]
2019-05-21 16:11:54.748  INFO 23884 --- [restartedMain] o.s.c.g.r.RouteDefinitionRouteLocator    : Loaded RoutePredicateFactory [Path]
2019-05-21 16:11:54.748  INFO 23884 --- [restartedMain] o.s.c.g.r.RouteDefinitionRouteLocator    : Loaded RoutePredicateFactory [Query]
2019-05-21 16:11:54.748  INFO 23884 --- [restartedMain] o.s.c.g.r.RouteDefinitionRouteLocator    : Loaded RoutePredicateFactory [ReadBodyPredicateFactory]
2019-05-21 16:11:54.748  INFO 23884 --- [restartedMain] o.s.c.g.r.RouteDefinitionRouteLocator    : Loaded RoutePredicateFactory [RemoteAddr]
2019-05-21 16:11:54.748  INFO 23884 --- [restartedMain] o.s.c.g.r.RouteDefinitionRouteLocator    : Loaded RoutePredicateFactory [Weight]
2019-05-21 16:11:54.748  INFO 23884 --- [restartedMain] o.s.c.g.r.RouteDefinitionRouteLocator    : Loaded RoutePredicateFactory [CloudFoundryRouteService]
2019-05-21 16:11:54.860  INFO 23884 --- [restartedMain] o.s.w.r.r.m.a.ControllerMethodResolver   : Looking for @ControllerAdvice: org.springframework.boot.web.reactive.context.AnnotationConfigReactiveWebServerApplicationContext@4e50ab85: startup date [Tue May 21 16:11:48 GFT 2019]; parent: org.springframework.context.annotation.AnnotationConfigApplicationContext@7733fa7f
2019-05-21 16:11:55.069  WARN 23884 --- [restartedMain] c.n.c.sources.URLConfigurationSource     : No URLs will be polled as dynamic configuration sources.
2019-05-21 16:11:55.069  INFO 23884 --- [restartedMain] c.n.c.sources.URLConfigurationSource     : To enable URLs as dynamic configuration sources, define System property archaius.configurationSource.additionalUrls or make config.properties available on classpath.
2019-05-21 16:11:55.075  WARN 23884 --- [restartedMain] c.n.c.sources.URLConfigurationSource     : No URLs will be polled as dynamic configuration sources.
2019-05-21 16:11:55.076  INFO 23884 --- [restartedMain] c.n.c.sources.URLConfigurationSource     : To enable URLs as dynamic configuration sources, define System property archaius.configurationSource.additionalUrls or make config.properties available on classpath.
2019-05-21 16:11:55.714  WARN 23884 --- [restartedMain] o.s.b.d.a.OptionalLiveReloadServer       : Unable to start LiveReload server
2019-05-21 16:11:55.869  INFO 23884 --- [restartedMain] o.s.j.e.a.AnnotationMBeanExporter        : Registering beans for JMX exposure on startup
2019-05-21 16:11:55.880  INFO 23884 --- [restartedMain] o.s.j.e.a.AnnotationMBeanExporter        : Bean with name 'refreshScope' has been autodetected for JMX exposure
2019-05-21 16:11:55.882  INFO 23884 --- [restartedMain] o.s.j.e.a.AnnotationMBeanExporter        : Bean with name 'configurationPropertiesRebinder' has been autodetected for JMX exposure
2019-05-21 16:11:55.882  INFO 23884 --- [restartedMain] o.s.j.e.a.AnnotationMBeanExporter        : Bean with name 'environmentManager' has been autodetected for JMX exposure
2019-05-21 16:11:55.886  INFO 23884 --- [restartedMain] o.s.j.e.a.AnnotationMBeanExporter        : Located managed bean 'environmentManager': registering with JMX server as MBean [org.springframework.cloud.context.environment:name=environmentManager,type=EnvironmentManager]
2019-05-21 16:11:55.901  INFO 23884 --- [restartedMain] o.s.j.e.a.AnnotationMBeanExporter        : Located managed bean 'refreshScope': registering with JMX server as MBean [org.springframework.cloud.context.scope.refresh:name=refreshScope,type=RefreshScope]
2019-05-21 16:11:55.915  INFO 23884 --- [restartedMain] o.s.j.e.a.AnnotationMBeanExporter        : Located managed bean 'configurationPropertiesRebinder': registering with JMX server as MBean [org.springframework.cloud.context.properties:name=configurationPropertiesRebinder,context=4e50ab85,type=ConfigurationPropertiesRebinder]
2019-05-21 16:11:55.928  INFO 23884 --- [restartedMain] o.s.c.support.DefaultLifecycleProcessor  : Starting beans in phase 0
2019-05-21 16:11:55.947  INFO 23884 --- [restartedMain] o.s.c.n.eureka.InstanceInfoFactory       : Setting initial instance status as: STARTING
2019-05-21 16:11:56.011  INFO 23884 --- [restartedMain] com.netflix.discovery.DiscoveryClient    : Initializing Eureka in region us-east-1
2019-05-21 16:11:56.139  INFO 23884 --- [restartedMain] c.n.d.provider.DiscoveryJerseyProvider   : Using JSON encoding codec LegacyJacksonJson
2019-05-21 16:11:56.139  INFO 23884 --- [restartedMain] c.n.d.provider.DiscoveryJerseyProvider   : Using JSON decoding codec LegacyJacksonJson
2019-05-21 16:11:56.308  INFO 23884 --- [restartedMain] c.n.d.provider.DiscoveryJerseyProvider   : Using XML encoding codec XStreamXml
2019-05-21 16:11:56.308  INFO 23884 --- [restartedMain] c.n.d.provider.DiscoveryJerseyProvider   : Using XML decoding codec XStreamXml
2019-05-21 16:11:56.702  INFO 23884 --- [restartedMain] c.n.d.s.r.aws.ConfigClusterResolver      : Resolving eureka endpoints via configuration
2019-05-21 16:11:56.986  INFO 23884 --- [restartedMain] com.netflix.discovery.DiscoveryClient    : Disable delta property : false
2019-05-21 16:11:56.987  INFO 23884 --- [restartedMain] com.netflix.discovery.DiscoveryClient    : Single vip registry refresh property : null
2019-05-21 16:11:56.987  INFO 23884 --- [restartedMain] com.netflix.discovery.DiscoveryClient    : Force full registry fetch : false
2019-05-21 16:11:56.988  INFO 23884 --- [restartedMain] com.netflix.discovery.DiscoveryClient    : Application is null : false
2019-05-21 16:11:56.988  INFO 23884 --- [restartedMain] com.netflix.discovery.DiscoveryClient    : Registered Applications size is zero : true
2019-05-21 16:11:56.989  INFO 23884 --- [restartedMain] com.netflix.discovery.DiscoveryClient    : Application version is -1: true
2019-05-21 16:11:56.989  INFO 23884 --- [restartedMain] com.netflix.discovery.DiscoveryClient    : Getting all instance registry info from the eureka server
2019-05-21 16:11:57.294  INFO 23884 --- [restartedMain] com.netflix.discovery.DiscoveryClient    : The response status is 200
2019-05-21 16:11:57.299  INFO 23884 --- [restartedMain] com.netflix.discovery.DiscoveryClient    : Starting heartbeat executor: renew interval is: 30
2019-05-21 16:11:57.303  INFO 23884 --- [restartedMain] c.n.discovery.InstanceInfoReplicator     : InstanceInfoReplicator onDemand update allowed rate per min is 4
2019-05-21 16:11:57.310  INFO 23884 --- [restartedMain] com.netflix.discovery.DiscoveryClient    : Discovery Client initialized at timestamp 1558465917308 with initial instances count: 1
2019-05-21 16:11:57.315  INFO 23884 --- [restartedMain] o.s.c.n.e.s.EurekaServiceRegistry        : Registering application gateway-service with eureka with status UP
2019-05-21 16:11:57.316  INFO 23884 --- [restartedMain] com.netflix.discovery.DiscoveryClient    : Saw local status change event StatusChangeEvent [timestamp=1558465917316, current=UP, previous=STARTING]
2019-05-21 16:11:57.320  INFO 23884 --- [DiscoveryClient-InstanceInfoReplicator-0] com.netflix.discovery.DiscoveryClient    : DiscoveryClient_GATEWAY-SERVICE/localhost:gateway-service:8080: registering service...
2019-05-21 16:11:57.400  INFO 23884 --- [DiscoveryClient-InstanceInfoReplicator-0] com.netflix.discovery.DiscoveryClient    : DiscoveryClient_GATEWAY-SERVICE/localhost:gateway-service:8080 - registration status: 204
2019-05-21 16:11:57.970  INFO 23884 --- [reactor-http-nio-1] r.ipc.netty.tcp.BlockingNettyContext     : Started HttpServer on /0:0:0:0:0:0:0:0:8080
2019-05-21 16:11:57.970  INFO 23884 --- [restartedMain] o.s.b.web.embedded.netty.NettyWebServer  : Netty started on port(s): 8080
2019-05-21 16:11:57.974  INFO 23884 --- [restartedMain] .s.c.n.e.s.EurekaAutoServiceRegistration : Updating port to 8080
2019-05-21 16:11:57.978  INFO 23884 --- [restartedMain] c.h.t.gateway.GatewayServiceApplication  : Started GatewayServiceApplication in 14.485 seconds (JVM running for 16.712)
2019-05-21 16:13:41.858  INFO 19820 --- [restartedMain] c.h.t.gateway.GatewayServiceApplication  : The following profiles are active: dev
2019-05-21 16:13:41.877  INFO 19820 --- [restartedMain] onfigReactiveWebServerApplicationContext : Refreshing org.springframework.boot.web.reactive.context.AnnotationConfigReactiveWebServerApplicationContext@17189e51: startup date [Tue May 21 16:13:41 GFT 2019]; parent: org.springframework.context.annotation.AnnotationConfigApplicationContext@154777ed
2019-05-21 16:13:43.098  INFO 19820 --- [restartedMain] o.s.cloud.context.scope.GenericScope     : BeanFactory id=b3f0caa6-4bfe-3923-ba59-801cf87005cd
2019-05-21 16:13:43.109  INFO 19820 --- [restartedMain] f.a.AutowiredAnnotationBeanPostProcessor : JSR-330 'javax.inject.Inject' annotation found and supported for autowiring
2019-05-21 16:13:43.197  INFO 19820 --- [restartedMain] trationDelegate$BeanPostProcessorChecker : Bean 'org.springframework.cloud.autoconfigure.ConfigurationPropertiesRebinderAutoConfiguration' of type [org.springframework.cloud.autoconfigure.ConfigurationPropertiesRebinderAutoConfiguration$$EnhancerBySpringCGLIB$$e48d894e] is not eligible for getting processed by all BeanPostProcessors (for example: not eligible for auto-proxying)
2019-05-21 16:13:43.685  INFO 19820 --- [restartedMain] o.s.w.r.handler.SimpleUrlHandlerMapping  : Mapped URL path [/webjars/**] onto handler of type [class org.springframework.web.reactive.resource.ResourceWebHandler]
2019-05-21 16:13:43.685  INFO 19820 --- [restartedMain] o.s.w.r.handler.SimpleUrlHandlerMapping  : Mapped URL path [/**] onto handler of type [class org.springframework.web.reactive.resource.ResourceWebHandler]
2019-05-21 16:13:46.574  INFO 19820 --- [restartedMain] o.s.cloud.commons.util.InetUtils         : Cannot determine local hostname
2019-05-21 16:13:48.078  INFO 19820 --- [restartedMain] o.s.cloud.commons.util.InetUtils         : Cannot determine local hostname
2019-05-21 16:13:48.157  INFO 19820 --- [restartedMain] o.s.c.g.r.RouteDefinitionRouteLocator    : Loaded RoutePredicateFactory [After]
2019-05-21 16:13:48.158  INFO 19820 --- [restartedMain] o.s.c.g.r.RouteDefinitionRouteLocator    : Loaded RoutePredicateFactory [Before]
2019-05-21 16:13:48.158  INFO 19820 --- [restartedMain] o.s.c.g.r.RouteDefinitionRouteLocator    : Loaded RoutePredicateFactory [Between]
2019-05-21 16:13:48.160  INFO 19820 --- [restartedMain] o.s.c.g.r.RouteDefinitionRouteLocator    : Loaded RoutePredicateFactory [Cookie]
2019-05-21 16:13:48.160  INFO 19820 --- [restartedMain] o.s.c.g.r.RouteDefinitionRouteLocator    : Loaded RoutePredicateFactory [Header]
2019-05-21 16:13:48.160  INFO 19820 --- [restartedMain] o.s.c.g.r.RouteDefinitionRouteLocator    : Loaded RoutePredicateFactory [Host]
2019-05-21 16:13:48.160  INFO 19820 --- [restartedMain] o.s.c.g.r.RouteDefinitionRouteLocator    : Loaded RoutePredicateFactory [Method]
2019-05-21 16:13:48.162  INFO 19820 --- [restartedMain] o.s.c.g.r.RouteDefinitionRouteLocator    : Loaded RoutePredicateFactory [Path]
2019-05-21 16:13:48.162  INFO 19820 --- [restartedMain] o.s.c.g.r.RouteDefinitionRouteLocator    : Loaded RoutePredicateFactory [Query]
2019-05-21 16:13:48.162  INFO 19820 --- [restartedMain] o.s.c.g.r.RouteDefinitionRouteLocator    : Loaded RoutePredicateFactory [ReadBodyPredicateFactory]
2019-05-21 16:13:48.163  INFO 19820 --- [restartedMain] o.s.c.g.r.RouteDefinitionRouteLocator    : Loaded RoutePredicateFactory [RemoteAddr]
2019-05-21 16:13:48.163  INFO 19820 --- [restartedMain] o.s.c.g.r.RouteDefinitionRouteLocator    : Loaded RoutePredicateFactory [Weight]
2019-05-21 16:13:48.163  INFO 19820 --- [restartedMain] o.s.c.g.r.RouteDefinitionRouteLocator    : Loaded RoutePredicateFactory [CloudFoundryRouteService]
2019-05-21 16:13:48.326  INFO 19820 --- [restartedMain] o.s.w.r.r.m.a.ControllerMethodResolver   : Looking for @ControllerAdvice: org.springframework.boot.web.reactive.context.AnnotationConfigReactiveWebServerApplicationContext@17189e51: startup date [Tue May 21 16:13:41 GFT 2019]; parent: org.springframework.context.annotation.AnnotationConfigApplicationContext@154777ed
2019-05-21 16:13:48.595  WARN 19820 --- [restartedMain] c.n.c.sources.URLConfigurationSource     : No URLs will be polled as dynamic configuration sources.
2019-05-21 16:13:48.596  INFO 19820 --- [restartedMain] c.n.c.sources.URLConfigurationSource     : To enable URLs as dynamic configuration sources, define System property archaius.configurationSource.additionalUrls or make config.properties available on classpath.
2019-05-21 16:13:48.609  WARN 19820 --- [restartedMain] c.n.c.sources.URLConfigurationSource     : No URLs will be polled as dynamic configuration sources.
2019-05-21 16:13:48.609  INFO 19820 --- [restartedMain] c.n.c.sources.URLConfigurationSource     : To enable URLs as dynamic configuration sources, define System property archaius.configurationSource.additionalUrls or make config.properties available on classpath.
2019-05-21 16:13:49.603  WARN 19820 --- [restartedMain] o.s.b.d.a.OptionalLiveReloadServer       : Unable to start LiveReload server
2019-05-21 16:13:49.860  INFO 19820 --- [restartedMain] o.s.j.e.a.AnnotationMBeanExporter        : Registering beans for JMX exposure on startup
2019-05-21 16:13:49.881  INFO 19820 --- [restartedMain] o.s.j.e.a.AnnotationMBeanExporter        : Bean with name 'refreshScope' has been autodetected for JMX exposure
2019-05-21 16:13:49.887  INFO 19820 --- [restartedMain] o.s.j.e.a.AnnotationMBeanExporter        : Bean with name 'configurationPropertiesRebinder' has been autodetected for JMX exposure
2019-05-21 16:13:49.889  INFO 19820 --- [restartedMain] o.s.j.e.a.AnnotationMBeanExporter        : Bean with name 'environmentManager' has been autodetected for JMX exposure
2019-05-21 16:13:49.898  INFO 19820 --- [restartedMain] o.s.j.e.a.AnnotationMBeanExporter        : Located managed bean 'environmentManager': registering with JMX server as MBean [org.springframework.cloud.context.environment:name=environmentManager,type=EnvironmentManager]
2019-05-21 16:13:49.928  INFO 19820 --- [restartedMain] o.s.j.e.a.AnnotationMBeanExporter        : Located managed bean 'refreshScope': registering with JMX server as MBean [org.springframework.cloud.context.scope.refresh:name=refreshScope,type=RefreshScope]
2019-05-21 16:13:49.948  INFO 19820 --- [restartedMain] o.s.j.e.a.AnnotationMBeanExporter        : Located managed bean 'configurationPropertiesRebinder': registering with JMX server as MBean [org.springframework.cloud.context.properties:name=configurationPropertiesRebinder,context=17189e51,type=ConfigurationPropertiesRebinder]
2019-05-21 16:13:49.975  INFO 19820 --- [restartedMain] o.s.c.support.DefaultLifecycleProcessor  : Starting beans in phase 0
2019-05-21 16:13:50.008  INFO 19820 --- [restartedMain] o.s.c.n.eureka.InstanceInfoFactory       : Setting initial instance status as: STARTING
2019-05-21 16:13:50.123  INFO 19820 --- [restartedMain] com.netflix.discovery.DiscoveryClient    : Initializing Eureka in region us-east-1
2019-05-21 16:13:50.270  INFO 19820 --- [restartedMain] c.n.d.provider.DiscoveryJerseyProvider   : Using JSON encoding codec LegacyJacksonJson
2019-05-21 16:13:50.270  INFO 19820 --- [restartedMain] c.n.d.provider.DiscoveryJerseyProvider   : Using JSON decoding codec LegacyJacksonJson
2019-05-21 16:13:50.547  INFO 19820 --- [restartedMain] c.n.d.provider.DiscoveryJerseyProvider   : Using XML encoding codec XStreamXml
2019-05-21 16:13:50.547  INFO 19820 --- [restartedMain] c.n.d.provider.DiscoveryJerseyProvider   : Using XML decoding codec XStreamXml
2019-05-21 16:13:50.897  INFO 19820 --- [restartedMain] c.n.d.s.r.aws.ConfigClusterResolver      : Resolving eureka endpoints via configuration
2019-05-21 16:13:51.228  INFO 19820 --- [restartedMain] com.netflix.discovery.DiscoveryClient    : Disable delta property : false
2019-05-21 16:13:51.229  INFO 19820 --- [restartedMain] com.netflix.discovery.DiscoveryClient    : Single vip registry refresh property : null
2019-05-21 16:13:51.230  INFO 19820 --- [restartedMain] com.netflix.discovery.DiscoveryClient    : Force full registry fetch : false
2019-05-21 16:13:51.230  INFO 19820 --- [restartedMain] com.netflix.discovery.DiscoveryClient    : Application is null : false
2019-05-21 16:13:51.230  INFO 19820 --- [restartedMain] com.netflix.discovery.DiscoveryClient    : Registered Applications size is zero : true
2019-05-21 16:13:51.231  INFO 19820 --- [restartedMain] com.netflix.discovery.DiscoveryClient    : Application version is -1: true
2019-05-21 16:13:51.231  INFO 19820 --- [restartedMain] com.netflix.discovery.DiscoveryClient    : Getting all instance registry info from the eureka server
2019-05-21 16:13:51.517  INFO 19820 --- [restartedMain] com.netflix.discovery.DiscoveryClient    : The response status is 200
2019-05-21 16:13:51.523  INFO 19820 --- [restartedMain] com.netflix.discovery.DiscoveryClient    : Starting heartbeat executor: renew interval is: 30
2019-05-21 16:13:51.526  INFO 19820 --- [restartedMain] c.n.discovery.InstanceInfoReplicator     : InstanceInfoReplicator onDemand update allowed rate per min is 4
2019-05-21 16:13:51.533  INFO 19820 --- [restartedMain] com.netflix.discovery.DiscoveryClient    : Discovery Client initialized at timestamp 1558466031531 with initial instances count: 2
2019-05-21 16:13:51.538  INFO 19820 --- [restartedMain] o.s.c.n.e.s.EurekaServiceRegistry        : Registering application gateway-service with eureka with status UP
2019-05-21 16:13:51.538  INFO 19820 --- [restartedMain] com.netflix.discovery.DiscoveryClient    : Saw local status change event StatusChangeEvent [timestamp=1558466031538, current=UP, previous=STARTING]
2019-05-21 16:13:51.542  INFO 19820 --- [DiscoveryClient-InstanceInfoReplicator-0] com.netflix.discovery.DiscoveryClient    : DiscoveryClient_GATEWAY-SERVICE/localhost:gateway-service:8080: registering service...
2019-05-21 16:13:51.599  INFO 19820 --- [DiscoveryClient-InstanceInfoReplicator-0] com.netflix.discovery.DiscoveryClient    : DiscoveryClient_GATEWAY-SERVICE/localhost:gateway-service:8080 - registration status: 204
2019-05-21 16:13:52.087  INFO 19820 --- [reactor-http-nio-1] r.ipc.netty.tcp.BlockingNettyContext     : Started HttpServer on /0:0:0:0:0:0:0:0:8080
2019-05-21 16:13:52.088  INFO 19820 --- [restartedMain] o.s.b.web.embedded.netty.NettyWebServer  : Netty started on port(s): 8080
2019-05-21 16:13:52.090  INFO 19820 --- [restartedMain] .s.c.n.e.s.EurekaAutoServiceRegistration : Updating port to 8080
2019-05-21 16:13:52.094  INFO 19820 --- [restartedMain] c.h.t.gateway.GatewayServiceApplication  : Started GatewayServiceApplication in 14.633 seconds (JVM running for 17.902)
2019-05-21 16:18:51.245  INFO 19820 --- [AsyncResolver-bootstrap-executor-0] c.n.d.s.r.aws.ConfigClusterResolver      : Resolving eureka endpoints via configuration
2019-05-21 16:23:51.247  INFO 19820 --- [AsyncResolver-bootstrap-executor-0] c.n.d.s.r.aws.ConfigClusterResolver      : Resolving eureka endpoints via configuration
2019-05-21 16:28:51.250  INFO 19820 --- [AsyncResolver-bootstrap-executor-0] c.n.d.s.r.aws.ConfigClusterResolver      : Resolving eureka endpoints via configuration
2019-05-21 16:33:51.251  INFO 19820 --- [AsyncResolver-bootstrap-executor-0] c.n.d.s.r.aws.ConfigClusterResolver      : Resolving eureka endpoints via configuration
2019-05-21 16:38:51.253  INFO 19820 --- [AsyncResolver-bootstrap-executor-0] c.n.d.s.r.aws.ConfigClusterResolver      : Resolving eureka endpoints via configuration
2019-05-21 16:43:51.255  INFO 19820 --- [AsyncResolver-bootstrap-executor-0] c.n.d.s.r.aws.ConfigClusterResolver      : Resolving eureka endpoints via configuration
2019-05-21 16:48:51.260  INFO 19820 --- [AsyncResolver-bootstrap-executor-0] c.n.d.s.r.aws.ConfigClusterResolver      : Resolving eureka endpoints via configuration
2019-05-21 16:53:51.265  INFO 19820 --- [AsyncResolver-bootstrap-executor-0] c.n.d.s.r.aws.ConfigClusterResolver      : Resolving eureka endpoints via configuration
2019-05-21 16:58:51.275  INFO 19820 --- [AsyncResolver-bootstrap-executor-0] c.n.d.s.r.aws.ConfigClusterResolver      : Resolving eureka endpoints via configuration
2019-05-21 17:03:51.278  INFO 19820 --- [AsyncResolver-bootstrap-executor-0] c.n.d.s.r.aws.ConfigClusterResolver      : Resolving eureka endpoints via configuration
2019-05-21 17:08:51.286  INFO 19820 --- [AsyncResolver-bootstrap-executor-0] c.n.d.s.r.aws.ConfigClusterResolver      : Resolving eureka endpoints via configuration
2019-05-21 17:13:51.289  INFO 19820 --- [AsyncResolver-bootstrap-executor-0] c.n.d.s.r.aws.ConfigClusterResolver      : Resolving eureka endpoints via configuration
2019-05-21 17:18:51.291  INFO 19820 --- [AsyncResolver-bootstrap-executor-0] c.n.d.s.r.aws.ConfigClusterResolver      : Resolving eureka endpoints via configuration
2019-05-21 17:23:51.298  INFO 19820 --- [AsyncResolver-bootstrap-executor-0] c.n.d.s.r.aws.ConfigClusterResolver      : Resolving eureka endpoints via configuration
2019-05-21 17:28:51.302  INFO 19820 --- [AsyncResolver-bootstrap-executor-0] c.n.d.s.r.aws.ConfigClusterResolver      : Resolving eureka endpoints via configuration
2019-05-21 17:33:51.306  INFO 19820 --- [AsyncResolver-bootstrap-executor-0] c.n.d.s.r.aws.ConfigClusterResolver      : Resolving eureka endpoints via configuration
2019-05-21 17:38:51.309  INFO 19820 --- [AsyncResolver-bootstrap-executor-0] c.n.d.s.r.aws.ConfigClusterResolver      : Resolving eureka endpoints via configuration
2019-05-21 17:43:51.313  INFO 19820 --- [AsyncResolver-bootstrap-executor-0] c.n.d.s.r.aws.ConfigClusterResolver      : Resolving eureka endpoints via configuration
2019-05-21 17:48:51.323  INFO 19820 --- [AsyncResolver-bootstrap-executor-0] c.n.d.s.r.aws.ConfigClusterResolver      : Resolving eureka endpoints via configuration
